<?xml version="1.0" encoding="UTF-8"?>
<robot generator="Robot 3.1.2 (Python 3.7.8 on darwin)" generated="20210914 09:49:55.365" rpa="false">
<suite id="s1" name="SimpleTest" source="/Users/gav/Repos/TestRepos/Treadstone/Sandbox/Tests/SimpleTest.robot">
<test id="s1-t1" name="First Test">
<kw name="Open Browser" library="SeleniumLibrary">
<doc>Opens a new browser instance to the given ``url``.</doc>
<arguments>
<arg>http://www.google.es</arg>
<arg>Chrome</arg>
</arguments>
<msg timestamp="20210914 09:49:55.529" level="INFO">Opening browser 'Chrome' to base url 'http://www.google.es'.</msg>
<status status="PASS" starttime="20210914 09:49:55.529" endtime="20210914 09:50:03.484"></status>
</kw>
<kw name="Sleep" library="BuiltIn">
<doc>Pauses the test executed for the given time.</doc>
<arguments>
<arg>5</arg>
</arguments>
<msg timestamp="20210914 09:50:08.485" level="INFO">Slept 5 seconds</msg>
<status status="PASS" starttime="20210914 09:50:03.484" endtime="20210914 09:50:08.485"></status>
</kw>
<kw name="Close All Browsers" library="SeleniumLibrary">
<doc>Closes all open browsers and resets the browser cache.</doc>
<status status="PASS" starttime="20210914 09:50:08.485" endtime="20210914 09:50:08.579"></status>
</kw>
<status status="PASS" starttime="20210914 09:49:55.529" endtime="20210914 09:50:08.580" critical="yes"></status>
</test>
<status status="PASS" starttime="20210914 09:49:55.367" endtime="20210914 09:50:08.581"></status>
</suite>
<statistics>
<total>
<stat pass="1" fail="0">Critical Tests</stat>
<stat pass="1" fail="0">All Tests</stat>
</total>
<tag>
</tag>
<suite>
<stat pass="1" fail="0" id="s1" name="SimpleTest">SimpleTest</stat>
</suite>
</statistics>
<errors>
</errors>
</robot>
